<?xml version="1.0" encoding="UTF-8"?>
<!-- Generated by org.testng.reporters.JUnitReportReporter -->
<testsuite hostname="DESKTOP-D70N2JT" failures="0" tests="1" name="com.selenium.training.TestNGAttributes" time="0.030" errors="0" timestamp="2021-08-16T16:13:25 IST" skipped="0">
  <testcase classname="com.selenium.training.TestNGAttributes" name="qa" time="0.030"/>
  <system-out/>
</testsuite> <!-- com.selenium.training.TestNGAttributes -->
