<?xml version="1.0" encoding="UTF-8"?>
<!-- Generated by org.testng.reporters.JUnitReportReporter -->
<testsuite hostname="DESKTOP-D70N2JT" failures="0" tests="3" name="com.selenium.training.TestNGAttributes2" time="0.018" errors="0" timestamp="2021-08-23T14:49:19 IST" skipped="0">
  <testcase classname="com.selenium.training.TestNGAttributes2" name="login" time="0.013"/>
  <system-out/>
  <testcase classname="com.selenium.training.TestNGAttributes2" name="signup" time="0.002"/>
  <system-out/>
  <testcase classname="com.selenium.training.TestNGAttributes2" name="test" time="0.003"/>
  <system-out/>
</testsuite> <!-- com.selenium.training.TestNGAttributes2 -->
