<?xml version="1.0" encoding="UTF-8"?>
<!-- Generated by org.testng.reporters.JUnitReportReporter -->
<testsuite hostname="DESKTOP-D70N2JT" failures="0" tests="2" name="com.leaftaps.training.TestA" time="0.025" errors="0" timestamp="2021-08-30T14:54:44 IST" skipped="0">
  <testcase classname="com.leaftaps.training.TestA" name="test1" time="0.019"/>
  <system-out/>
  <testcase classname="com.leaftaps.training.TestA" name="test2" time="0.006"/>
  <system-out/>
</testsuite> <!-- com.leaftaps.training.TestA -->
