<?xml version="1.0" encoding="UTF-8"?>
<!-- Generated by org.testng.reporters.JUnitReportReporter -->
<testsuite hostname="DESKTOP-D70N2JT" failures="0" tests="4" name="com.selenium.training.TestNGAttributes3" time="0.007" errors="0" timestamp="2021-08-23T14:12:15 IST" skipped="0">
  <testcase classname="com.selenium.training.TestNGAttributes3" name="rtest" time="0.001"/>
  <system-out/>
  <testcase classname="com.selenium.training.TestNGAttributes3" name="ptest" time="0.002"/>
  <system-out/>
  <testcase classname="com.selenium.training.TestNGAttributes3" name="qtest" time="0.002"/>
  <system-out/>
  <testcase classname="com.selenium.training.TestNGAttributes3" name="ttest" time="0.002"/>
  <system-out/>
</testsuite> <!-- com.selenium.training.TestNGAttributes3 -->
